[0.441s] Invoking command in '/home/natsumi/ros2_ws/build/person_msgs': CMAKE_PREFIX_PATH=/home/natsumi/ros2_ws/install/mypkg:/opt/ros/foxy /usr/bin/cmake /home/natsumi/ros2_ws/src/person_msgs -DCMAKE_INSTALL_PREFIX=/home/natsumi/ros2_ws/install/person_msgs
[0.874s] -- The C compiler identification is GNU 9.4.0
[1.231s] -- The CXX compiler identification is GNU 9.4.0
[1.315s] -- Check for working C compiler: /usr/bin/cc
[1.470s] -- Check for working C compiler: /usr/bin/cc -- works
[1.470s] -- Detecting C compiler ABI info
[1.576s] -- Detecting C compiler ABI info - done
[1.586s] -- Detecting C compile features
[1.587s] -- Detecting C compile features - done
[1.590s] -- Check for working CXX compiler: /usr/bin/c++
[1.724s] -- Check for working CXX compiler: /usr/bin/c++ -- works
[1.725s] -- Detecting CXX compiler ABI info
[1.857s] -- Detecting CXX compiler ABI info - done
[1.870s] -- Detecting CXX compile features
[1.870s] -- Detecting CXX compile features - done
[1.880s] -- Found ament_cmake: 0.9.12 (/opt/ros/foxy/share/ament_cmake/cmake)
[1.907s] -- Found PythonInterp: /usr/bin/python3 (found suitable version "3.8.10", minimum required is "3") 
[1.907s] -- Using PYTHON_EXECUTABLE: /usr/bin/python3
[2.080s] -- Found rosidl_default_generators: 1.0.1 (/opt/ros/foxy/share/rosidl_default_generators/cmake)
[2.087s] -- Using all available rosidl_typesupport_c: rosidl_typesupport_fastrtps_c;rosidl_typesupport_introspection_c
[2.096s] -- Found rosidl_adapter: 1.3.1 (/opt/ros/foxy/share/rosidl_adapter/cmake)
[3.006s] -- Found OpenSSL: /usr/lib/x86_64-linux-gnu/libcrypto.so (found version "1.1.1f")  
[3.733s] -- Found FastRTPS: /opt/ros/foxy/include  
[5.079s] -- Using all available rosidl_typesupport_cpp: rosidl_typesupport_fastrtps_cpp;rosidl_typesupport_introspection_cpp
[5.123s] -- Found PythonInterp: /usr/bin/python3 (found version "3.8.10") 
[5.241s] -- Found ament_cmake_ros: 0.9.2 (/opt/ros/foxy/share/ament_cmake_ros/cmake)
[7.780s] -- Using all available rosidl_typesupport_c: rosidl_typesupport_fastrtps_c;rosidl_typesupport_introspection_c
[7.789s] -- Using all available rosidl_typesupport_cpp: rosidl_typesupport_fastrtps_cpp;rosidl_typesupport_introspection_cpp
[7.812s] -- Found PythonInterp: /usr/bin/python3 (found suitable version "3.8.10", minimum required is "3.5") 
[7.814s] -- Found python_cmake_module: 0.8.1 (/opt/ros/foxy/share/python_cmake_module/cmake)
[8.047s] -- Found PythonLibs: /usr/lib/x86_64-linux-gnu/libpython3.8.so (found suitable version "3.8.10", minimum required is "3.5") 
[8.047s] -- Using PYTHON_EXECUTABLE: /usr/bin/python3
[8.047s] -- Using PYTHON_INCLUDE_DIRS: /usr/include/python3.8
[8.047s] -- Using PYTHON_LIBRARIES: /usr/lib/x86_64-linux-gnu/libpython3.8.so
[8.076s] -- Found PythonExtra: .so  
[8.136s] -- Found ament_lint_auto: 0.9.8 (/opt/ros/foxy/share/ament_lint_auto/cmake)
[8.160s] -- Added test 'copyright' to check source files copyright and LICENSE
[8.164s] -- Added test 'lint_cmake' to check CMake code style
[8.165s] -- Added test 'xmllint' to check XML markup files
[8.173s] -- Configuring done
[8.222s] -- Generating done
[8.225s] -- Build files have been written to: /home/natsumi/ros2_ws/build/person_msgs
[8.238s] Invoked command in '/home/natsumi/ros2_ws/build/person_msgs' returned '0': CMAKE_PREFIX_PATH=/home/natsumi/ros2_ws/install/mypkg:/opt/ros/foxy /usr/bin/cmake /home/natsumi/ros2_ws/src/person_msgs -DCMAKE_INSTALL_PREFIX=/home/natsumi/ros2_ws/install/person_msgs
[8.239s] Invoking command in '/home/natsumi/ros2_ws/build/person_msgs': CMAKE_PREFIX_PATH=/home/natsumi/ros2_ws/install/mypkg:/opt/ros/foxy /usr/bin/cmake --build /home/natsumi/ros2_ws/build/person_msgs -- -j8 -l8
[8.282s] [35m[1mScanning dependencies of target person_msgs__cpp[0m
[8.283s] [  3%] [34m[1mGenerating C code for ROS interfaces[0m
[8.295s] [  6%] [34m[1mGenerating C++ code for ROS interfaces[0m
[8.529s] [35m[1mScanning dependencies of target person_msgs__rosidl_generator_c[0m
[8.537s] [  6%] Built target person_msgs__cpp
[8.545s] [  9%] [32mBuilding C object CMakeFiles/person_msgs__rosidl_generator_c.dir/rosidl_generator_c/person_msgs/msg/detail/person__functions.c.o[0m
[8.548s] [ 12%] [34m[1mGenerating C++ type support dispatch for ROS interfaces[0m
[8.550s] [ 16%] [34m[1mGenerating C++ introspection for ROS interfaces[0m
[8.551s] [ 19%] [34m[1mGenerating C++ type support for eProsima Fast-RTPS[0m
[8.659s] [ 22%] [32m[1mLinking C shared library libperson_msgs__rosidl_generator_c.so[0m
[8.752s] [ 22%] Built target person_msgs__rosidl_generator_c
[8.767s] [ 29%] [34m[1mGenerating C type support dispatch for ROS interfaces[0m
[8.767s] [ 29%] [34m[1mGenerating C introspection for ROS interfaces[0m
[8.860s] [35m[1mScanning dependencies of target person_msgs__rosidl_typesupport_cpp[0m
[8.870s] [35m[1mScanning dependencies of target person_msgs__rosidl_typesupport_introspection_cpp[0m
[8.882s] [ 32%] [32mBuilding CXX object CMakeFiles/person_msgs__rosidl_typesupport_cpp.dir/rosidl_typesupport_cpp/person_msgs/msg/person__type_support.cpp.o[0m
[8.894s] [ 35%] [32mBuilding CXX object CMakeFiles/person_msgs__rosidl_typesupport_introspection_cpp.dir/rosidl_typesupport_introspection_cpp/person_msgs/msg/detail/person__type_support.cpp.o[0m
[8.914s] [35m[1mScanning dependencies of target person_msgs__rosidl_typesupport_fastrtps_cpp[0m
[8.936s] [ 38%] [32mBuilding CXX object CMakeFiles/person_msgs__rosidl_typesupport_fastrtps_cpp.dir/rosidl_typesupport_fastrtps_cpp/person_msgs/msg/detail/dds_fastrtps/person__type_support.cpp.o[0m
[9.089s] [35m[1mScanning dependencies of target person_msgs__rosidl_typesupport_c[0m
[9.109s] [ 41%] [32mBuilding CXX object CMakeFiles/person_msgs__rosidl_typesupport_c.dir/rosidl_typesupport_c/person_msgs/msg/person__type_support.cpp.o[0m
[9.126s] [35m[1mScanning dependencies of target person_msgs__rosidl_typesupport_introspection_c[0m
[9.148s] [ 45%] [32mBuilding C object CMakeFiles/person_msgs__rosidl_typesupport_introspection_c.dir/rosidl_typesupport_introspection_c/person_msgs/msg/detail/person__type_support.c.o[0m
[9.157s] [ 48%] [32m[1mLinking CXX shared library libperson_msgs__rosidl_typesupport_c.so[0m
[9.203s] [ 51%] [32m[1mLinking C shared library libperson_msgs__rosidl_typesupport_introspection_c.so[0m
[9.270s] [ 51%] Built target person_msgs__rosidl_typesupport_c
[9.301s] [ 51%] Built target person_msgs__rosidl_typesupport_introspection_c
[9.343s] [ 54%] [32m[1mLinking CXX shared library libperson_msgs__rosidl_typesupport_cpp.so[0m
[9.370s] [ 58%] [32m[1mLinking CXX shared library libperson_msgs__rosidl_typesupport_introspection_cpp.so[0m
[9.429s] [ 58%] Built target person_msgs__rosidl_typesupport_cpp
[9.481s] [ 58%] Built target person_msgs__rosidl_typesupport_introspection_cpp
[9.571s] [ 61%] [32m[1mLinking CXX shared library libperson_msgs__rosidl_typesupport_fastrtps_cpp.so[0m
[9.705s] [ 61%] Built target person_msgs__rosidl_typesupport_fastrtps_cpp
[9.713s] [ 64%] [34m[1mGenerating C type support for eProsima Fast-RTPS[0m
[9.905s] [35m[1mScanning dependencies of target person_msgs__rosidl_typesupport_fastrtps_c[0m
[9.920s] [ 67%] [32mBuilding CXX object CMakeFiles/person_msgs__rosidl_typesupport_fastrtps_c.dir/rosidl_typesupport_fastrtps_c/person_msgs/msg/detail/person__type_support_c.cpp.o[0m
[10.225s] [ 70%] [32m[1mLinking CXX shared library libperson_msgs__rosidl_typesupport_fastrtps_c.so[0m
[10.347s] [ 70%] Built target person_msgs__rosidl_typesupport_fastrtps_c
[10.356s] [35m[1mScanning dependencies of target person_msgs[0m
[10.366s] [ 70%] Built target person_msgs
[10.375s] [35m[1mScanning dependencies of target person_msgs__py[0m
[10.384s] [ 74%] [34m[1mGenerating Python code for ROS interfaces[0m
[10.824s] [ 74%] Built target person_msgs__py
[10.835s] [35m[1mScanning dependencies of target person_msgs__python[0m
[10.867s] [ 77%] [32mBuilding C object CMakeFiles/person_msgs__python.dir/rosidl_generator_py/person_msgs/msg/_person_s.c.o[0m
[10.980s] [ 80%] [32m[1mLinking C shared library rosidl_generator_py/person_msgs/libperson_msgs__python.so[0m
[11.073s] [ 80%] Built target person_msgs__python
[11.083s] [35m[1mScanning dependencies of target person_msgs__rosidl_typesupport_c__pyext[0m
[11.083s] [35m[1mScanning dependencies of target person_msgs__rosidl_typesupport_introspection_c__pyext[0m
[11.086s] [35m[1mScanning dependencies of target person_msgs__rosidl_typesupport_fastrtps_c__pyext[0m
[11.102s] [ 87%] [32mBuilding C object CMakeFiles/person_msgs__rosidl_typesupport_introspection_c__pyext.dir/rosidl_generator_py/person_msgs/_person_msgs_s.ep.rosidl_typesupport_introspection_c.c.o[0m
[11.102s] [ 87%] [32mBuilding C object CMakeFiles/person_msgs__rosidl_typesupport_c__pyext.dir/rosidl_generator_py/person_msgs/_person_msgs_s.ep.rosidl_typesupport_c.c.o[0m
[11.110s] [ 90%] [32mBuilding C object CMakeFiles/person_msgs__rosidl_typesupport_fastrtps_c__pyext.dir/rosidl_generator_py/person_msgs/_person_msgs_s.ep.rosidl_typesupport_fastrtps_c.c.o[0m
[11.191s] [ 93%] [32m[1mLinking C shared library rosidl_generator_py/person_msgs/person_msgs_s__rosidl_typesupport_c.cpython-38-x86_64-linux-gnu.so[0m
[11.195s] [ 96%] [32m[1mLinking CXX shared library rosidl_generator_py/person_msgs/person_msgs_s__rosidl_typesupport_fastrtps_c.cpython-38-x86_64-linux-gnu.so[0m
[11.195s] [100%] [32m[1mLinking C shared library rosidl_generator_py/person_msgs/person_msgs_s__rosidl_typesupport_introspection_c.cpython-38-x86_64-linux-gnu.so[0m
[11.267s] [100%] Built target person_msgs__rosidl_typesupport_c__pyext
[11.271s] [100%] Built target person_msgs__rosidl_typesupport_introspection_c__pyext
[11.296s] [100%] Built target person_msgs__rosidl_typesupport_fastrtps_c__pyext
[11.308s] Invoked command in '/home/natsumi/ros2_ws/build/person_msgs' returned '0': CMAKE_PREFIX_PATH=/home/natsumi/ros2_ws/install/mypkg:/opt/ros/foxy /usr/bin/cmake --build /home/natsumi/ros2_ws/build/person_msgs -- -j8 -l8
[11.384s] Invoking command in '/home/natsumi/ros2_ws/build/person_msgs': CMAKE_PREFIX_PATH=/home/natsumi/ros2_ws/install/mypkg:/opt/ros/foxy /usr/bin/cmake --install /home/natsumi/ros2_ws/build/person_msgs
[11.394s] -- Install configuration: ""
[11.396s] -- Installing: /home/natsumi/ros2_ws/install/person_msgs/share/ament_index/resource_index/rosidl_interfaces/person_msgs
[11.397s] -- Installing: /home/natsumi/ros2_ws/install/person_msgs/include/person_msgs
[11.397s] -- Installing: /home/natsumi/ros2_ws/install/person_msgs/include/person_msgs/msg
[11.397s] -- Installing: /home/natsumi/ros2_ws/install/person_msgs/include/person_msgs/msg/person.h
[11.397s] -- Installing: /home/natsumi/ros2_ws/install/person_msgs/include/person_msgs/msg/rosidl_generator_c__visibility_control.h
[11.397s] -- Installing: /home/natsumi/ros2_ws/install/person_msgs/include/person_msgs/msg/detail
[11.397s] -- Installing: /home/natsumi/ros2_ws/install/person_msgs/include/person_msgs/msg/detail/person__functions.c
[11.397s] -- Installing: /home/natsumi/ros2_ws/install/person_msgs/include/person_msgs/msg/detail/person__type_support.h
[11.397s] -- Installing: /home/natsumi/ros2_ws/install/person_msgs/include/person_msgs/msg/detail/person__functions.h
[11.398s] -- Installing: /home/natsumi/ros2_ws/install/person_msgs/include/person_msgs/msg/detail/person__struct.h
[11.398s] -- Installing: /home/natsumi/ros2_ws/install/person_msgs/share/person_msgs/environment/library_path.sh
[11.398s] -- Installing: /home/natsumi/ros2_ws/install/person_msgs/share/person_msgs/environment/library_path.dsv
[11.398s] -- Installing: /home/natsumi/ros2_ws/install/person_msgs/lib/libperson_msgs__rosidl_generator_c.so
[11.399s] -- Set runtime path of "/home/natsumi/ros2_ws/install/person_msgs/lib/libperson_msgs__rosidl_generator_c.so" to ""
[11.399s] -- Up-to-date: /home/natsumi/ros2_ws/install/person_msgs/include/person_msgs
[11.399s] -- Up-to-date: /home/natsumi/ros2_ws/install/person_msgs/include/person_msgs/msg
[11.399s] -- Installing: /home/natsumi/ros2_ws/install/person_msgs/include/person_msgs/msg/rosidl_typesupport_fastrtps_c__visibility_control.h
[11.399s] -- Up-to-date: /home/natsumi/ros2_ws/install/person_msgs/include/person_msgs/msg/detail
[11.399s] -- Installing: /home/natsumi/ros2_ws/install/person_msgs/include/person_msgs/msg/detail/person__rosidl_typesupport_fastrtps_c.h
[11.400s] -- Installing: /home/natsumi/ros2_ws/install/person_msgs/lib/libperson_msgs__rosidl_typesupport_fastrtps_c.so
[11.400s] -- Set runtime path of "/home/natsumi/ros2_ws/install/person_msgs/lib/libperson_msgs__rosidl_typesupport_fastrtps_c.so" to ""
[11.400s] -- Up-to-date: /home/natsumi/ros2_ws/install/person_msgs/include/person_msgs
[11.400s] -- Up-to-date: /home/natsumi/ros2_ws/install/person_msgs/include/person_msgs/msg
[11.400s] -- Installing: /home/natsumi/ros2_ws/install/person_msgs/include/person_msgs/msg/rosidl_typesupport_fastrtps_cpp__visibility_control.h
[11.401s] -- Up-to-date: /home/natsumi/ros2_ws/install/person_msgs/include/person_msgs/msg/detail
[11.401s] -- Installing: /home/natsumi/ros2_ws/install/person_msgs/include/person_msgs/msg/detail/dds_fastrtps
[11.401s] -- Installing: /home/natsumi/ros2_ws/install/person_msgs/include/person_msgs/msg/detail/person__rosidl_typesupport_fastrtps_cpp.hpp
[11.401s] -- Installing: /home/natsumi/ros2_ws/install/person_msgs/lib/libperson_msgs__rosidl_typesupport_fastrtps_cpp.so
[11.401s] -- Set runtime path of "/home/natsumi/ros2_ws/install/person_msgs/lib/libperson_msgs__rosidl_typesupport_fastrtps_cpp.so" to ""
[11.401s] -- Up-to-date: /home/natsumi/ros2_ws/install/person_msgs/include/person_msgs
[11.401s] -- Up-to-date: /home/natsumi/ros2_ws/install/person_msgs/include/person_msgs/msg
[11.402s] -- Installing: /home/natsumi/ros2_ws/install/person_msgs/include/person_msgs/msg/rosidl_typesupport_introspection_c__visibility_control.h
[11.402s] -- Up-to-date: /home/natsumi/ros2_ws/install/person_msgs/include/person_msgs/msg/detail
[11.402s] -- Installing: /home/natsumi/ros2_ws/install/person_msgs/include/person_msgs/msg/detail/person__type_support.c
[11.402s] -- Installing: /home/natsumi/ros2_ws/install/person_msgs/include/person_msgs/msg/detail/person__rosidl_typesupport_introspection_c.h
[11.402s] -- Installing: /home/natsumi/ros2_ws/install/person_msgs/lib/libperson_msgs__rosidl_typesupport_introspection_c.so
[11.403s] -- Set runtime path of "/home/natsumi/ros2_ws/install/person_msgs/lib/libperson_msgs__rosidl_typesupport_introspection_c.so" to ""
[11.403s] -- Installing: /home/natsumi/ros2_ws/install/person_msgs/lib/libperson_msgs__rosidl_typesupport_c.so
[11.403s] -- Set runtime path of "/home/natsumi/ros2_ws/install/person_msgs/lib/libperson_msgs__rosidl_typesupport_c.so" to ""
[11.403s] -- Up-to-date: /home/natsumi/ros2_ws/install/person_msgs/include/person_msgs
[11.403s] -- Up-to-date: /home/natsumi/ros2_ws/install/person_msgs/include/person_msgs/msg
[11.403s] -- Installing: /home/natsumi/ros2_ws/install/person_msgs/include/person_msgs/msg/person.hpp
[11.403s] -- Installing: /home/natsumi/ros2_ws/install/person_msgs/include/person_msgs/msg/rosidl_generator_cpp__visibility_control.hpp
[11.403s] -- Up-to-date: /home/natsumi/ros2_ws/install/person_msgs/include/person_msgs/msg/detail
[11.404s] -- Installing: /home/natsumi/ros2_ws/install/person_msgs/include/person_msgs/msg/detail/person__builder.hpp
[11.404s] -- Installing: /home/natsumi/ros2_ws/install/person_msgs/include/person_msgs/msg/detail/person__type_support.hpp
[11.404s] -- Installing: /home/natsumi/ros2_ws/install/person_msgs/include/person_msgs/msg/detail/person__traits.hpp
[11.404s] -- Installing: /home/natsumi/ros2_ws/install/person_msgs/include/person_msgs/msg/detail/person__struct.hpp
[11.404s] -- Up-to-date: /home/natsumi/ros2_ws/install/person_msgs/include/person_msgs
[11.404s] -- Up-to-date: /home/natsumi/ros2_ws/install/person_msgs/include/person_msgs/msg
[11.404s] -- Up-to-date: /home/natsumi/ros2_ws/install/person_msgs/include/person_msgs/msg/detail
[11.404s] -- Installing: /home/natsumi/ros2_ws/install/person_msgs/include/person_msgs/msg/detail/person__rosidl_typesupport_introspection_cpp.hpp
[11.404s] -- Installing: /home/natsumi/ros2_ws/install/person_msgs/include/person_msgs/msg/detail/person__type_support.cpp
[11.404s] -- Installing: /home/natsumi/ros2_ws/install/person_msgs/lib/libperson_msgs__rosidl_typesupport_introspection_cpp.so
[11.404s] -- Set runtime path of "/home/natsumi/ros2_ws/install/person_msgs/lib/libperson_msgs__rosidl_typesupport_introspection_cpp.so" to ""
[11.404s] -- Installing: /home/natsumi/ros2_ws/install/person_msgs/lib/libperson_msgs__rosidl_typesupport_cpp.so
[11.404s] -- Set runtime path of "/home/natsumi/ros2_ws/install/person_msgs/lib/libperson_msgs__rosidl_typesupport_cpp.so" to ""
[11.404s] -- Installing: /home/natsumi/ros2_ws/install/person_msgs/share/person_msgs/environment/pythonpath.sh
[11.404s] -- Installing: /home/natsumi/ros2_ws/install/person_msgs/share/person_msgs/environment/pythonpath.dsv
[11.405s] -- Installing: /home/natsumi/ros2_ws/install/person_msgs/lib/python3.8/site-packages/person_msgs/__init__.py
[11.434s] Compiling '/home/natsumi/ros2_ws/install/person_msgs/lib/python3.8/site-packages/person_msgs/__init__.py'...
[11.439s] -- Installing: /home/natsumi/ros2_ws/install/person_msgs/lib/python3.8/site-packages/person_msgs/msg
[11.439s] -- Installing: /home/natsumi/ros2_ws/install/person_msgs/lib/python3.8/site-packages/person_msgs/msg/_person.py
[11.439s] -- Installing: /home/natsumi/ros2_ws/install/person_msgs/lib/python3.8/site-packages/person_msgs/msg/_person_s.c
[11.440s] -- Installing: /home/natsumi/ros2_ws/install/person_msgs/lib/python3.8/site-packages/person_msgs/msg/__init__.py
[11.440s] -- Installing: /home/natsumi/ros2_ws/install/person_msgs/lib/python3.8/site-packages/person_msgs/person_msgs_s__rosidl_typesupport_fastrtps_c.cpython-38-x86_64-linux-gnu.so
[11.441s] -- Set runtime path of "/home/natsumi/ros2_ws/install/person_msgs/lib/python3.8/site-packages/person_msgs/person_msgs_s__rosidl_typesupport_fastrtps_c.cpython-38-x86_64-linux-gnu.so" to ""
[11.441s] -- Installing: /home/natsumi/ros2_ws/install/person_msgs/lib/python3.8/site-packages/person_msgs/person_msgs_s__rosidl_typesupport_introspection_c.cpython-38-x86_64-linux-gnu.so
[11.442s] -- Set runtime path of "/home/natsumi/ros2_ws/install/person_msgs/lib/python3.8/site-packages/person_msgs/person_msgs_s__rosidl_typesupport_introspection_c.cpython-38-x86_64-linux-gnu.so" to ""
[11.442s] -- Installing: /home/natsumi/ros2_ws/install/person_msgs/lib/python3.8/site-packages/person_msgs/person_msgs_s__rosidl_typesupport_c.cpython-38-x86_64-linux-gnu.so
[11.443s] -- Set runtime path of "/home/natsumi/ros2_ws/install/person_msgs/lib/python3.8/site-packages/person_msgs/person_msgs_s__rosidl_typesupport_c.cpython-38-x86_64-linux-gnu.so" to ""
[11.443s] -- Installing: /home/natsumi/ros2_ws/install/person_msgs/lib/libperson_msgs__python.so
[11.443s] -- Set runtime path of "/home/natsumi/ros2_ws/install/person_msgs/lib/libperson_msgs__python.so" to ""
[11.444s] -- Installing: /home/natsumi/ros2_ws/install/person_msgs/share/person_msgs/msg/Person.idl
[11.444s] -- Installing: /home/natsumi/ros2_ws/install/person_msgs/share/person_msgs/msg/Person.msg
[11.444s] -- Installing: /home/natsumi/ros2_ws/install/person_msgs/share/ament_index/resource_index/package_run_dependencies/person_msgs
[11.445s] -- Installing: /home/natsumi/ros2_ws/install/person_msgs/share/ament_index/resource_index/parent_prefix_path/person_msgs
[11.445s] -- Installing: /home/natsumi/ros2_ws/install/person_msgs/share/person_msgs/environment/ament_prefix_path.sh
[11.445s] -- Installing: /home/natsumi/ros2_ws/install/person_msgs/share/person_msgs/environment/ament_prefix_path.dsv
[11.445s] -- Installing: /home/natsumi/ros2_ws/install/person_msgs/share/person_msgs/environment/path.sh
[11.445s] -- Installing: /home/natsumi/ros2_ws/install/person_msgs/share/person_msgs/environment/path.dsv
[11.446s] -- Installing: /home/natsumi/ros2_ws/install/person_msgs/share/person_msgs/local_setup.bash
[11.446s] -- Installing: /home/natsumi/ros2_ws/install/person_msgs/share/person_msgs/local_setup.sh
[11.446s] -- Installing: /home/natsumi/ros2_ws/install/person_msgs/share/person_msgs/local_setup.zsh
[11.446s] -- Installing: /home/natsumi/ros2_ws/install/person_msgs/share/person_msgs/local_setup.dsv
[11.446s] -- Installing: /home/natsumi/ros2_ws/install/person_msgs/share/person_msgs/package.dsv
[11.446s] -- Installing: /home/natsumi/ros2_ws/install/person_msgs/share/ament_index/resource_index/packages/person_msgs
[11.447s] -- Installing: /home/natsumi/ros2_ws/install/person_msgs/share/person_msgs/cmake/person_msgs__rosidl_generator_cExport.cmake
[11.447s] -- Installing: /home/natsumi/ros2_ws/install/person_msgs/share/person_msgs/cmake/person_msgs__rosidl_generator_cExport-noconfig.cmake
[11.447s] -- Installing: /home/natsumi/ros2_ws/install/person_msgs/share/person_msgs/cmake/person_msgs__rosidl_typesupport_introspection_cExport.cmake
[11.448s] -- Installing: /home/natsumi/ros2_ws/install/person_msgs/share/person_msgs/cmake/person_msgs__rosidl_typesupport_introspection_cExport-noconfig.cmake
[11.448s] -- Installing: /home/natsumi/ros2_ws/install/person_msgs/share/person_msgs/cmake/person_msgs__rosidl_typesupport_cExport.cmake
[11.448s] -- Installing: /home/natsumi/ros2_ws/install/person_msgs/share/person_msgs/cmake/person_msgs__rosidl_typesupport_cExport-noconfig.cmake
[11.448s] -- Installing: /home/natsumi/ros2_ws/install/person_msgs/share/person_msgs/cmake/person_msgs__rosidl_generator_cppExport.cmake
[11.448s] -- Installing: /home/natsumi/ros2_ws/install/person_msgs/share/person_msgs/cmake/person_msgs__rosidl_typesupport_introspection_cppExport.cmake
[11.448s] -- Installing: /home/natsumi/ros2_ws/install/person_msgs/share/person_msgs/cmake/person_msgs__rosidl_typesupport_introspection_cppExport-noconfig.cmake
[11.449s] -- Installing: /home/natsumi/ros2_ws/install/person_msgs/share/person_msgs/cmake/person_msgs__rosidl_typesupport_cppExport.cmake
[11.449s] -- Installing: /home/natsumi/ros2_ws/install/person_msgs/share/person_msgs/cmake/person_msgs__rosidl_typesupport_cppExport-noconfig.cmake
[11.449s] -- Installing: /home/natsumi/ros2_ws/install/person_msgs/share/person_msgs/cmake/rosidl_cmake-extras.cmake
[11.449s] -- Installing: /home/natsumi/ros2_ws/install/person_msgs/share/person_msgs/cmake/ament_cmake_export_dependencies-extras.cmake
[11.449s] -- Installing: /home/natsumi/ros2_ws/install/person_msgs/share/person_msgs/cmake/ament_cmake_export_libraries-extras.cmake
[11.450s] -- Installing: /home/natsumi/ros2_ws/install/person_msgs/share/person_msgs/cmake/ament_cmake_export_targets-extras.cmake
[11.450s] -- Installing: /home/natsumi/ros2_ws/install/person_msgs/share/person_msgs/cmake/ament_cmake_export_include_directories-extras.cmake
[11.450s] -- Installing: /home/natsumi/ros2_ws/install/person_msgs/share/person_msgs/cmake/rosidl_cmake_export_typesupport_libraries-extras.cmake
[11.450s] -- Installing: /home/natsumi/ros2_ws/install/person_msgs/share/person_msgs/cmake/rosidl_cmake_export_typesupport_targets-extras.cmake
[11.450s] -- Installing: /home/natsumi/ros2_ws/install/person_msgs/share/person_msgs/cmake/person_msgsConfig.cmake
[11.450s] -- Installing: /home/natsumi/ros2_ws/install/person_msgs/share/person_msgs/cmake/person_msgsConfig-version.cmake
[11.451s] -- Installing: /home/natsumi/ros2_ws/install/person_msgs/share/person_msgs/package.xml
[11.453s] Invoked command in '/home/natsumi/ros2_ws/build/person_msgs' returned '0': CMAKE_PREFIX_PATH=/home/natsumi/ros2_ws/install/mypkg:/opt/ros/foxy /usr/bin/cmake --install /home/natsumi/ros2_ws/build/person_msgs
