[1.107s] Invoking command in '/home/natsumi/ros2_ws/src/mypkg': PYTHONPATH=/home/natsumi/ros2_ws/build/mypkg/prefix_override:/home/natsumi/ros2_ws/install/mypkg/lib/python3.8/site-packages:${PYTHONPATH} /usr/bin/python3 setup.py egg_info --egg-base ../../build/mypkg build --build-base /home/natsumi/ros2_ws/build/mypkg/build install --record /home/natsumi/ros2_ws/build/mypkg/install.log --install-scripts $base/lib/mypkg --single-version-externally-managed
[1.305s] running egg_info
[1.306s] writing ../../build/mypkg/mypkg.egg-info/PKG-INFO
[1.306s] writing dependency_links to ../../build/mypkg/mypkg.egg-info/dependency_links.txt
[1.306s] writing entry points to ../../build/mypkg/mypkg.egg-info/entry_points.txt
[1.307s] writing requirements to ../../build/mypkg/mypkg.egg-info/requires.txt
[1.307s] writing top-level names to ../../build/mypkg/mypkg.egg-info/top_level.txt
[1.341s] reading manifest file '../../build/mypkg/mypkg.egg-info/SOURCES.txt'
[1.342s] writing manifest file '../../build/mypkg/mypkg.egg-info/SOURCES.txt'
[1.342s] running build
[1.342s] running build_py
[1.344s] copying mypkg/talker.py -> /home/natsumi/ros2_ws/build/mypkg/build/lib/mypkg
[1.344s] copying mypkg/listener.py -> /home/natsumi/ros2_ws/build/mypkg/build/lib/mypkg
[1.345s] running install
[1.345s] running install_lib
[1.345s] copying /home/natsumi/ros2_ws/build/mypkg/build/lib/mypkg/talker.py -> /home/natsumi/ros2_ws/install/mypkg/lib/python3.8/site-packages/mypkg
[1.346s] copying /home/natsumi/ros2_ws/build/mypkg/build/lib/mypkg/listener.py -> /home/natsumi/ros2_ws/install/mypkg/lib/python3.8/site-packages/mypkg
[1.346s] byte-compiling /home/natsumi/ros2_ws/install/mypkg/lib/python3.8/site-packages/mypkg/talker.py to talker.cpython-38.pyc
[1.351s] byte-compiling /home/natsumi/ros2_ws/install/mypkg/lib/python3.8/site-packages/mypkg/listener.py to listener.cpython-38.pyc
[1.351s] running install_data
[1.351s] running install_egg_info
[1.352s] removing '/home/natsumi/ros2_ws/install/mypkg/lib/python3.8/site-packages/mypkg-0.0.0-py3.8.egg-info' (and everything under it)
[1.353s] Copying ../../build/mypkg/mypkg.egg-info to /home/natsumi/ros2_ws/install/mypkg/lib/python3.8/site-packages/mypkg-0.0.0-py3.8.egg-info
[1.354s] running install_scripts
[1.380s] Installing listener script to /home/natsumi/ros2_ws/install/mypkg/lib/mypkg
[1.381s] Installing talker script to /home/natsumi/ros2_ws/install/mypkg/lib/mypkg
[1.381s] writing list of installed files to '/home/natsumi/ros2_ws/build/mypkg/install.log'
[1.415s] Invoked command in '/home/natsumi/ros2_ws/src/mypkg' returned '0': PYTHONPATH=/home/natsumi/ros2_ws/build/mypkg/prefix_override:/home/natsumi/ros2_ws/install/mypkg/lib/python3.8/site-packages:${PYTHONPATH} /usr/bin/python3 setup.py egg_info --egg-base ../../build/mypkg build --build-base /home/natsumi/ros2_ws/build/mypkg/build install --record /home/natsumi/ros2_ws/build/mypkg/install.log --install-scripts $base/lib/mypkg --single-version-externally-managed
