[0.528s] Invoking command in '/home/natsumi/ros2_ws/src/mypkg': PYTHONPATH=/home/natsumi/ros2_ws/build/mypkg/prefix_override:/home/natsumi/ros2_ws/install/mypkg/lib/python3.8/site-packages:${PYTHONPATH} /usr/bin/python3 setup.py egg_info --egg-base ../../build/mypkg build --build-base /home/natsumi/ros2_ws/build/mypkg/build install --record /home/natsumi/ros2_ws/build/mypkg/install.log --install-scripts $base/lib/mypkg --single-version-externally-managed
[0.645s] running egg_info
[0.645s] writing ../../build/mypkg/mypkg.egg-info/PKG-INFO
[0.645s] writing dependency_links to ../../build/mypkg/mypkg.egg-info/dependency_links.txt
[0.645s] writing entry points to ../../build/mypkg/mypkg.egg-info/entry_points.txt
[0.645s] writing requirements to ../../build/mypkg/mypkg.egg-info/requires.txt
[0.645s] writing top-level names to ../../build/mypkg/mypkg.egg-info/top_level.txt
[0.669s] reading manifest file '../../build/mypkg/mypkg.egg-info/SOURCES.txt'
[0.670s] writing manifest file '../../build/mypkg/mypkg.egg-info/SOURCES.txt'
[0.670s] running build
[0.670s] running build_py
[0.670s] copying mypkg/talker.py -> /home/natsumi/ros2_ws/build/mypkg/build/lib/mypkg
[0.670s] running install
[0.671s] running install_lib
[0.671s] copying /home/natsumi/ros2_ws/build/mypkg/build/lib/mypkg/talker.py -> /home/natsumi/ros2_ws/install/mypkg/lib/python3.8/site-packages/mypkg
[0.672s] byte-compiling /home/natsumi/ros2_ws/install/mypkg/lib/python3.8/site-packages/mypkg/talker.py to talker.cpython-38.pyc
[0.673s] running install_data
[0.673s] copying package.xml -> /home/natsumi/ros2_ws/install/mypkg/share/mypkg
[0.673s] running install_egg_info
[0.674s] removing '/home/natsumi/ros2_ws/install/mypkg/lib/python3.8/site-packages/mypkg-0.0.0-py3.8.egg-info' (and everything under it)
[0.674s] Copying ../../build/mypkg/mypkg.egg-info to /home/natsumi/ros2_ws/install/mypkg/lib/python3.8/site-packages/mypkg-0.0.0-py3.8.egg-info
[0.675s] running install_scripts
[0.686s] Installing talker script to /home/natsumi/ros2_ws/install/mypkg/lib/mypkg
[0.686s] writing list of installed files to '/home/natsumi/ros2_ws/build/mypkg/install.log'
[0.700s] Invoked command in '/home/natsumi/ros2_ws/src/mypkg' returned '0': PYTHONPATH=/home/natsumi/ros2_ws/build/mypkg/prefix_override:/home/natsumi/ros2_ws/install/mypkg/lib/python3.8/site-packages:${PYTHONPATH} /usr/bin/python3 setup.py egg_info --egg-base ../../build/mypkg build --build-base /home/natsumi/ros2_ws/build/mypkg/build install --record /home/natsumi/ros2_ws/build/mypkg/install.log --install-scripts $base/lib/mypkg --single-version-externally-managed
