[1.174s] Invoking command in '/home/natsumi/ros2_ws/src/mypkg': PYTHONPATH=/home/natsumi/ros2_ws/build/mypkg/prefix_override:/home/natsumi/ros2_ws/install/mypkg/lib/python3.8/site-packages:${PYTHONPATH} /usr/bin/python3 setup.py egg_info --egg-base ../../build/mypkg build --build-base /home/natsumi/ros2_ws/build/mypkg/build install --record /home/natsumi/ros2_ws/build/mypkg/install.log --install-scripts $base/lib/mypkg --single-version-externally-managed
[1.395s] running egg_info
[1.396s] writing ../../build/mypkg/mypkg.egg-info/PKG-INFO
[1.396s] writing dependency_links to ../../build/mypkg/mypkg.egg-info/dependency_links.txt
[1.396s] writing entry points to ../../build/mypkg/mypkg.egg-info/entry_points.txt
[1.396s] writing requirements to ../../build/mypkg/mypkg.egg-info/requires.txt
[1.396s] writing top-level names to ../../build/mypkg/mypkg.egg-info/top_level.txt
[1.437s] reading manifest file '../../build/mypkg/mypkg.egg-info/SOURCES.txt'
[1.438s] writing manifest file '../../build/mypkg/mypkg.egg-info/SOURCES.txt'
[1.439s] running build
[1.439s] running build_py
[1.439s] copying mypkg/talker.py -> /home/natsumi/ros2_ws/build/mypkg/build/lib/mypkg
[1.439s] copying mypkg/listener.py -> /home/natsumi/ros2_ws/build/mypkg/build/lib/mypkg
[1.439s] running install
[1.439s] running install_lib
[1.440s] copying /home/natsumi/ros2_ws/build/mypkg/build/lib/mypkg/talker.py -> /home/natsumi/ros2_ws/install/mypkg/lib/python3.8/site-packages/mypkg
[1.440s] copying /home/natsumi/ros2_ws/build/mypkg/build/lib/mypkg/listener.py -> /home/natsumi/ros2_ws/install/mypkg/lib/python3.8/site-packages/mypkg
[1.440s] byte-compiling /home/natsumi/ros2_ws/install/mypkg/lib/python3.8/site-packages/mypkg/talker.py to talker.cpython-38.pyc
[1.443s] byte-compiling /home/natsumi/ros2_ws/install/mypkg/lib/python3.8/site-packages/mypkg/listener.py to listener.cpython-38.pyc
[1.443s] running install_data
[1.443s] running install_egg_info
[1.444s] removing '/home/natsumi/ros2_ws/install/mypkg/lib/python3.8/site-packages/mypkg-0.0.0-py3.8.egg-info' (and everything under it)
[1.447s] Copying ../../build/mypkg/mypkg.egg-info to /home/natsumi/ros2_ws/install/mypkg/lib/python3.8/site-packages/mypkg-0.0.0-py3.8.egg-info
[1.449s] running install_scripts
[1.461s] Installing listener script to /home/natsumi/ros2_ws/install/mypkg/lib/mypkg
[1.461s] Installing talker script to /home/natsumi/ros2_ws/install/mypkg/lib/mypkg
[1.463s] writing list of installed files to '/home/natsumi/ros2_ws/build/mypkg/install.log'
[1.482s] Invoked command in '/home/natsumi/ros2_ws/src/mypkg' returned '0': PYTHONPATH=/home/natsumi/ros2_ws/build/mypkg/prefix_override:/home/natsumi/ros2_ws/install/mypkg/lib/python3.8/site-packages:${PYTHONPATH} /usr/bin/python3 setup.py egg_info --egg-base ../../build/mypkg build --build-base /home/natsumi/ros2_ws/build/mypkg/build install --record /home/natsumi/ros2_ws/build/mypkg/install.log --install-scripts $base/lib/mypkg --single-version-externally-managed
