[0.640s] Invoking command in '/home/natsumi/ros2_ws/src/mypkg': PYTHONPATH=/home/natsumi/ros2_ws/build/mypkg/prefix_override:/home/natsumi/ros2_ws/install/mypkg/lib/python3.8/site-packages:${PYTHONPATH} /usr/bin/python3 setup.py egg_info --egg-base ../../build/mypkg build --build-base /home/natsumi/ros2_ws/build/mypkg/build install --record /home/natsumi/ros2_ws/build/mypkg/install.log --install-scripts $base/lib/mypkg --single-version-externally-managed
[0.776s] running egg_info
[0.776s] writing ../../build/mypkg/mypkg.egg-info/PKG-INFO
[0.777s] writing dependency_links to ../../build/mypkg/mypkg.egg-info/dependency_links.txt
[0.777s] writing entry points to ../../build/mypkg/mypkg.egg-info/entry_points.txt
[0.777s] writing requirements to ../../build/mypkg/mypkg.egg-info/requires.txt
[0.777s] writing top-level names to ../../build/mypkg/mypkg.egg-info/top_level.txt
[0.800s] reading manifest file '../../build/mypkg/mypkg.egg-info/SOURCES.txt'
[0.801s] writing manifest file '../../build/mypkg/mypkg.egg-info/SOURCES.txt'
[0.801s] running build
[0.801s] running build_py
[0.801s] running install
[0.802s] running install_lib
[0.804s] running install_data
[0.804s] running install_egg_info
[0.806s] removing '/home/natsumi/ros2_ws/install/mypkg/lib/python3.8/site-packages/mypkg-0.0.0-py3.8.egg-info' (and everything under it)
[0.807s] Copying ../../build/mypkg/mypkg.egg-info to /home/natsumi/ros2_ws/install/mypkg/lib/python3.8/site-packages/mypkg-0.0.0-py3.8.egg-info
[0.808s] running install_scripts
[0.828s] Installing listener script to /home/natsumi/ros2_ws/install/mypkg/lib/mypkg
[0.828s] Installing talker script to /home/natsumi/ros2_ws/install/mypkg/lib/mypkg
[0.828s] writing list of installed files to '/home/natsumi/ros2_ws/build/mypkg/install.log'
[0.843s] Invoked command in '/home/natsumi/ros2_ws/src/mypkg' returned '0': PYTHONPATH=/home/natsumi/ros2_ws/build/mypkg/prefix_override:/home/natsumi/ros2_ws/install/mypkg/lib/python3.8/site-packages:${PYTHONPATH} /usr/bin/python3 setup.py egg_info --egg-base ../../build/mypkg build --build-base /home/natsumi/ros2_ws/build/mypkg/build install --record /home/natsumi/ros2_ws/build/mypkg/install.log --install-scripts $base/lib/mypkg --single-version-externally-managed
