[0.524s] Invoking command in '/home/natsumi/ros2_ws/src/mypkg': PYTHONPATH=/home/natsumi/ros2_ws/build/mypkg/prefix_override:/home/natsumi/ros2_ws/install/mypkg/lib/python3.8/site-packages:${PYTHONPATH} /usr/bin/python3 setup.py egg_info --egg-base ../../build/mypkg build --build-base /home/natsumi/ros2_ws/build/mypkg/build install --record /home/natsumi/ros2_ws/build/mypkg/install.log --install-scripts $base/lib/mypkg --single-version-externally-managed
[0.637s] running egg_info
[0.637s] writing ../../build/mypkg/mypkg.egg-info/PKG-INFO
[0.638s] writing dependency_links to ../../build/mypkg/mypkg.egg-info/dependency_links.txt
[0.638s] writing entry points to ../../build/mypkg/mypkg.egg-info/entry_points.txt
[0.638s] writing requirements to ../../build/mypkg/mypkg.egg-info/requires.txt
[0.638s] writing top-level names to ../../build/mypkg/mypkg.egg-info/top_level.txt
[0.660s] reading manifest file '../../build/mypkg/mypkg.egg-info/SOURCES.txt'
[0.660s] writing manifest file '../../build/mypkg/mypkg.egg-info/SOURCES.txt'
[0.660s] running build
[0.660s] running build_py
[0.660s] copying mypkg/talker.py -> /home/natsumi/ros2_ws/build/mypkg/build/lib/mypkg
[0.660s] copying mypkg/listener.py -> /home/natsumi/ros2_ws/build/mypkg/build/lib/mypkg
[0.661s] running install
[0.661s] running install_lib
[0.662s] copying /home/natsumi/ros2_ws/build/mypkg/build/lib/mypkg/talker.py -> /home/natsumi/ros2_ws/install/mypkg/lib/python3.8/site-packages/mypkg
[0.662s] copying /home/natsumi/ros2_ws/build/mypkg/build/lib/mypkg/listener.py -> /home/natsumi/ros2_ws/install/mypkg/lib/python3.8/site-packages/mypkg
[0.662s] byte-compiling /home/natsumi/ros2_ws/install/mypkg/lib/python3.8/site-packages/mypkg/talker.py to talker.cpython-38.pyc
[0.663s] byte-compiling /home/natsumi/ros2_ws/install/mypkg/lib/python3.8/site-packages/mypkg/listener.py to listener.cpython-38.pyc
[0.663s] running install_data
[0.664s] running install_egg_info
[0.665s] removing '/home/natsumi/ros2_ws/install/mypkg/lib/python3.8/site-packages/mypkg-0.0.0-py3.8.egg-info' (and everything under it)
[0.665s] Copying ../../build/mypkg/mypkg.egg-info to /home/natsumi/ros2_ws/install/mypkg/lib/python3.8/site-packages/mypkg-0.0.0-py3.8.egg-info
[0.666s] running install_scripts
[0.677s] Installing listener script to /home/natsumi/ros2_ws/install/mypkg/lib/mypkg
[0.677s] Installing talker script to /home/natsumi/ros2_ws/install/mypkg/lib/mypkg
[0.677s] writing list of installed files to '/home/natsumi/ros2_ws/build/mypkg/install.log'
[0.691s] Invoked command in '/home/natsumi/ros2_ws/src/mypkg' returned '0': PYTHONPATH=/home/natsumi/ros2_ws/build/mypkg/prefix_override:/home/natsumi/ros2_ws/install/mypkg/lib/python3.8/site-packages:${PYTHONPATH} /usr/bin/python3 setup.py egg_info --egg-base ../../build/mypkg build --build-base /home/natsumi/ros2_ws/build/mypkg/build install --record /home/natsumi/ros2_ws/build/mypkg/install.log --install-scripts $base/lib/mypkg --single-version-externally-managed
