[1.545s] DEBUG:colcon:Command line arguments: ['/usr/bin/colcon', 'build']
[1.546s] DEBUG:colcon:Parsed command line arguments: Namespace(allow_overriding=[], ament_cmake_args=None, base_paths=['.'], build_base='build', catkin_cmake_args=None, catkin_skip_building_tests=False, cmake_args=None, cmake_clean_cache=False, cmake_clean_first=False, cmake_force_configure=False, cmake_target=None, cmake_target_skip_unavailable=False, continue_on_error=False, event_handlers=None, executor='parallel', ignore_user_meta=False, install_base='install', log_base=None, log_level=None, main=<bound method BuildVerb.main of <colcon_core.verb.build.BuildVerb object at 0x7f917787b730>>, merge_install=False, metas=['./colcon.meta'], packages_above=None, packages_above_and_dependencies=None, packages_above_depth=None, packages_end=None, packages_ignore=None, packages_ignore_regex=None, packages_select=None, packages_select_build_failed=False, packages_select_by_dep=None, packages_select_regex=None, packages_select_test_failures=False, packages_skip=None, packages_skip_build_finished=False, packages_skip_by_dep=None, packages_skip_regex=None, packages_skip_test_passed=False, packages_skip_up_to=None, packages_start=None, packages_up_to=None, packages_up_to_regex=None, parallel_workers=8, paths=None, symlink_install=False, test_result_base=None, verb_extension=<colcon_core.verb.build.BuildVerb object at 0x7f917787b730>, verb_name='build', verb_parser=<colcon_defaults.argument_parser.defaults.DefaultArgumentsDecorator object at 0x7f917744dc10>)
[1.620s] Level 1:colcon.colcon_core.package_discovery:discover_packages(colcon_meta) check parameters
[1.620s] Level 1:colcon.colcon_core.package_discovery:discover_packages(recursive) check parameters
[1.620s] Level 1:colcon.colcon_core.package_discovery:discover_packages(ignore) check parameters
[1.620s] Level 1:colcon.colcon_core.package_discovery:discover_packages(path) check parameters
[1.620s] Level 1:colcon.colcon_core.package_discovery:discover_packages(colcon_meta) discover
[1.620s] Level 1:colcon.colcon_core.package_discovery:discover_packages(recursive) discover
[1.620s] INFO:colcon.colcon_core.package_discovery:Crawling recursively for packages in '/home/natsumi/ros2_ws'
[1.620s] Level 1:colcon.colcon_core.package_identification:_identify(.) by extensions ['ignore', 'ignore_ament_install']
[1.620s] Level 1:colcon.colcon_core.package_identification:_identify(.) by extension 'ignore'
[1.620s] Level 1:colcon.colcon_core.package_identification:_identify(.) by extension 'ignore_ament_install'
[1.620s] Level 1:colcon.colcon_core.package_identification:_identify(.) by extensions ['colcon_pkg']
[1.620s] Level 1:colcon.colcon_core.package_identification:_identify(.) by extension 'colcon_pkg'
[1.620s] Level 1:colcon.colcon_core.package_identification:_identify(.) by extensions ['colcon_meta']
[1.620s] Level 1:colcon.colcon_core.package_identification:_identify(.) by extension 'colcon_meta'
[1.621s] Level 1:colcon.colcon_core.package_identification:_identify(.) by extensions ['ros']
[1.621s] Level 1:colcon.colcon_core.package_identification:_identify(.) by extension 'ros'
[1.630s] Level 1:colcon.colcon_core.package_identification:_identify(.) by extensions ['cmake', 'python']
[1.630s] Level 1:colcon.colcon_core.package_identification:_identify(.) by extension 'cmake'
[1.630s] Level 1:colcon.colcon_core.package_identification:_identify(.) by extension 'python'
[1.630s] Level 1:colcon.colcon_core.package_identification:_identify(.) by extensions ['python_setup_py']
[1.630s] Level 1:colcon.colcon_core.package_identification:_identify(.) by extension 'python_setup_py'
[1.630s] Level 1:colcon.colcon_core.package_identification:_identify(build) by extensions ['ignore', 'ignore_ament_install']
[1.630s] Level 1:colcon.colcon_core.package_identification:_identify(build) by extension 'ignore'
[1.631s] Level 1:colcon.colcon_core.package_identification:_identify(build) ignored
[1.631s] Level 1:colcon.colcon_core.package_identification:_identify(install) by extensions ['ignore', 'ignore_ament_install']
[1.631s] Level 1:colcon.colcon_core.package_identification:_identify(install) by extension 'ignore'
[1.631s] Level 1:colcon.colcon_core.package_identification:_identify(install) ignored
[1.631s] Level 1:colcon.colcon_core.package_identification:_identify(log) by extensions ['ignore', 'ignore_ament_install']
[1.631s] Level 1:colcon.colcon_core.package_identification:_identify(log) by extension 'ignore'
[1.631s] Level 1:colcon.colcon_core.package_identification:_identify(log) ignored
[1.631s] Level 1:colcon.colcon_core.package_identification:_identify(src) by extensions ['ignore', 'ignore_ament_install']
[1.631s] Level 1:colcon.colcon_core.package_identification:_identify(src) by extension 'ignore'
[1.631s] Level 1:colcon.colcon_core.package_identification:_identify(src) by extension 'ignore_ament_install'
[1.631s] Level 1:colcon.colcon_core.package_identification:_identify(src) by extensions ['colcon_pkg']
[1.631s] Level 1:colcon.colcon_core.package_identification:_identify(src) by extension 'colcon_pkg'
[1.631s] Level 1:colcon.colcon_core.package_identification:_identify(src) by extensions ['colcon_meta']
[1.631s] Level 1:colcon.colcon_core.package_identification:_identify(src) by extension 'colcon_meta'
[1.631s] Level 1:colcon.colcon_core.package_identification:_identify(src) by extensions ['ros']
[1.631s] Level 1:colcon.colcon_core.package_identification:_identify(src) by extension 'ros'
[1.631s] Level 1:colcon.colcon_core.package_identification:_identify(src) by extensions ['cmake', 'python']
[1.631s] Level 1:colcon.colcon_core.package_identification:_identify(src) by extension 'cmake'
[1.631s] Level 1:colcon.colcon_core.package_identification:_identify(src) by extension 'python'
[1.631s] Level 1:colcon.colcon_core.package_identification:_identify(src) by extensions ['python_setup_py']
[1.631s] Level 1:colcon.colcon_core.package_identification:_identify(src) by extension 'python_setup_py'
[1.631s] Level 1:colcon.colcon_core.package_identification:_identify(src/mypkg) by extensions ['ignore', 'ignore_ament_install']
[1.632s] Level 1:colcon.colcon_core.package_identification:_identify(src/mypkg) by extension 'ignore'
[1.632s] Level 1:colcon.colcon_core.package_identification:_identify(src/mypkg) by extension 'ignore_ament_install'
[1.632s] Level 1:colcon.colcon_core.package_identification:_identify(src/mypkg) by extensions ['colcon_pkg']
[1.632s] Level 1:colcon.colcon_core.package_identification:_identify(src/mypkg) by extension 'colcon_pkg'
[1.632s] Level 1:colcon.colcon_core.package_identification:_identify(src/mypkg) by extensions ['colcon_meta']
[1.632s] Level 1:colcon.colcon_core.package_identification:_identify(src/mypkg) by extension 'colcon_meta'
[1.632s] Level 1:colcon.colcon_core.package_identification:_identify(src/mypkg) by extensions ['ros']
[1.632s] Level 1:colcon.colcon_core.package_identification:_identify(src/mypkg) by extension 'ros'
[1.634s] DEBUG:colcon.colcon_core.package_identification:Package 'src/mypkg' with type 'ros.ament_python' and name 'mypkg'
[1.634s] Level 1:colcon.colcon_core.package_identification:_identify(src/person_msgs) by extensions ['ignore', 'ignore_ament_install']
[1.634s] Level 1:colcon.colcon_core.package_identification:_identify(src/person_msgs) by extension 'ignore'
[1.634s] Level 1:colcon.colcon_core.package_identification:_identify(src/person_msgs) by extension 'ignore_ament_install'
[1.634s] Level 1:colcon.colcon_core.package_identification:_identify(src/person_msgs) by extensions ['colcon_pkg']
[1.634s] Level 1:colcon.colcon_core.package_identification:_identify(src/person_msgs) by extension 'colcon_pkg'
[1.634s] Level 1:colcon.colcon_core.package_identification:_identify(src/person_msgs) by extensions ['colcon_meta']
[1.634s] Level 1:colcon.colcon_core.package_identification:_identify(src/person_msgs) by extension 'colcon_meta'
[1.635s] Level 1:colcon.colcon_core.package_identification:_identify(src/person_msgs) by extensions ['ros']
[1.635s] Level 1:colcon.colcon_core.package_identification:_identify(src/person_msgs) by extension 'ros'
[1.635s] DEBUG:colcon.colcon_core.package_identification:Package 'src/person_msgs' with type 'ros.ament_cmake' and name 'person_msgs'
[1.635s] Level 1:colcon.colcon_core.package_discovery:discover_packages(recursive) using defaults
[1.635s] Level 1:colcon.colcon_core.package_discovery:discover_packages(ignore) discover
[1.635s] Level 1:colcon.colcon_core.package_discovery:discover_packages(ignore) using defaults
[1.635s] Level 1:colcon.colcon_core.package_discovery:discover_packages(path) discover
[1.635s] Level 1:colcon.colcon_core.package_discovery:discover_packages(path) using defaults
[1.772s] Level 1:colcon.colcon_core.package_discovery:discover_packages(prefix_path) check parameters
[1.772s] Level 1:colcon.colcon_core.package_discovery:discover_packages(prefix_path) discover
[1.820s] DEBUG:colcon.colcon_installed_package_information.package_discovery:Found 1 installed packages in /home/natsumi/ros2_ws/install
[1.845s] DEBUG:colcon.colcon_installed_package_information.package_discovery:Found 256 installed packages in /opt/ros/foxy
[1.846s] Level 1:colcon.colcon_core.package_discovery:discover_packages(prefix_path) using defaults
[1.962s] Level 5:colcon.colcon_core.verb:set package 'mypkg' build argument 'cmake_args' from command line to 'None'
[1.962s] Level 5:colcon.colcon_core.verb:set package 'mypkg' build argument 'cmake_target' from command line to 'None'
[1.962s] Level 5:colcon.colcon_core.verb:set package 'mypkg' build argument 'cmake_target_skip_unavailable' from command line to 'False'
[1.962s] Level 5:colcon.colcon_core.verb:set package 'mypkg' build argument 'cmake_clean_cache' from command line to 'False'
[1.962s] Level 5:colcon.colcon_core.verb:set package 'mypkg' build argument 'cmake_clean_first' from command line to 'False'
[1.962s] Level 5:colcon.colcon_core.verb:set package 'mypkg' build argument 'cmake_force_configure' from command line to 'False'
[1.962s] Level 5:colcon.colcon_core.verb:set package 'mypkg' build argument 'ament_cmake_args' from command line to 'None'
[1.962s] Level 5:colcon.colcon_core.verb:set package 'mypkg' build argument 'catkin_cmake_args' from command line to 'None'
[1.962s] Level 5:colcon.colcon_core.verb:set package 'mypkg' build argument 'catkin_skip_building_tests' from command line to 'False'
[1.962s] DEBUG:colcon.colcon_core.verb:Building package 'mypkg' with the following arguments: {'ament_cmake_args': None, 'build_base': '/home/natsumi/ros2_ws/build/mypkg', 'catkin_cmake_args': None, 'catkin_skip_building_tests': False, 'cmake_args': None, 'cmake_clean_cache': False, 'cmake_clean_first': False, 'cmake_force_configure': False, 'cmake_target': None, 'cmake_target_skip_unavailable': False, 'install_base': '/home/natsumi/ros2_ws/install/mypkg', 'merge_install': False, 'path': '/home/natsumi/ros2_ws/src/mypkg', 'symlink_install': False, 'test_result_base': None}
[2.001s] Level 5:colcon.colcon_core.verb:set package 'person_msgs' build argument 'cmake_args' from command line to 'None'
[2.001s] Level 5:colcon.colcon_core.verb:set package 'person_msgs' build argument 'cmake_target' from command line to 'None'
[2.001s] Level 5:colcon.colcon_core.verb:set package 'person_msgs' build argument 'cmake_target_skip_unavailable' from command line to 'False'
[2.001s] Level 5:colcon.colcon_core.verb:set package 'person_msgs' build argument 'cmake_clean_cache' from command line to 'False'
[2.001s] Level 5:colcon.colcon_core.verb:set package 'person_msgs' build argument 'cmake_clean_first' from command line to 'False'
[2.002s] Level 5:colcon.colcon_core.verb:set package 'person_msgs' build argument 'cmake_force_configure' from command line to 'False'
[2.002s] Level 5:colcon.colcon_core.verb:set package 'person_msgs' build argument 'ament_cmake_args' from command line to 'None'
[2.002s] Level 5:colcon.colcon_core.verb:set package 'person_msgs' build argument 'catkin_cmake_args' from command line to 'None'
[2.002s] Level 5:colcon.colcon_core.verb:set package 'person_msgs' build argument 'catkin_skip_building_tests' from command line to 'False'
[2.002s] DEBUG:colcon.colcon_core.verb:Building package 'person_msgs' with the following arguments: {'ament_cmake_args': None, 'build_base': '/home/natsumi/ros2_ws/build/person_msgs', 'catkin_cmake_args': None, 'catkin_skip_building_tests': False, 'cmake_args': None, 'cmake_clean_cache': False, 'cmake_clean_first': False, 'cmake_force_configure': False, 'cmake_target': None, 'cmake_target_skip_unavailable': False, 'install_base': '/home/natsumi/ros2_ws/install/person_msgs', 'merge_install': False, 'path': '/home/natsumi/ros2_ws/src/person_msgs', 'symlink_install': False, 'test_result_base': None}
[2.024s] INFO:colcon.colcon_core.executor:Executing jobs using 'parallel' executor
[2.057s] DEBUG:colcon.colcon_parallel_executor.executor.parallel:run_until_complete
[2.057s] INFO:colcon.colcon_ros.task.ament_python.build:Building ROS package in '/home/natsumi/ros2_ws/src/mypkg' with build type 'ament_python'
[2.057s] Level 1:colcon.colcon_core.shell:create_environment_hook('mypkg', 'ament_prefix_path')
[2.085s] INFO:colcon.colcon_core.plugin_system:Skipping extension 'colcon_core.shell.bat': Not used on non-Windows systems
[2.085s] INFO:colcon.colcon_core.shell:Creating environment hook '/home/natsumi/ros2_ws/install/mypkg/share/mypkg/hook/ament_prefix_path.ps1'
[2.086s] INFO:colcon.colcon_core.shell:Creating environment descriptor '/home/natsumi/ros2_ws/install/mypkg/share/mypkg/hook/ament_prefix_path.dsv'
[2.086s] INFO:colcon.colcon_core.shell:Creating environment hook '/home/natsumi/ros2_ws/install/mypkg/share/mypkg/hook/ament_prefix_path.sh'
[2.113s] INFO:colcon.colcon_core.shell:Skip shell extension 'powershell' for command environment: Not usable outside of PowerShell
[2.113s] DEBUG:colcon.colcon_core.shell:Skip shell extension 'dsv' for command environment
[2.200s] INFO:colcon.colcon_ros.task.ament_cmake.build:Building ROS package in '/home/natsumi/ros2_ws/src/person_msgs' with build type 'ament_cmake'
[2.201s] INFO:colcon.colcon_cmake.task.cmake.build:Building CMake package in '/home/natsumi/ros2_ws/src/person_msgs'
[2.232s] INFO:colcon.colcon_core.shell:Skip shell extension 'powershell' for command environment: Not usable outside of PowerShell
[2.232s] DEBUG:colcon.colcon_core.shell:Skip shell extension 'dsv' for command environment
[2.517s] INFO:colcon.colcon_core.task.python.build:Building Python package in '/home/natsumi/ros2_ws/src/mypkg'
[2.549s] INFO:colcon.colcon_core.shell:Skip shell extension 'powershell' for command environment: Not usable outside of PowerShell
[2.549s] DEBUG:colcon.colcon_core.shell:Skip shell extension 'dsv' for command environment
[2.642s] DEBUG:colcon.colcon_core.event_handler.log_command:Invoking command in '/home/natsumi/ros2_ws/build/person_msgs': CMAKE_PREFIX_PATH=/home/natsumi/ros2_ws/install/mypkg:/opt/ros/foxy /usr/bin/cmake /home/natsumi/ros2_ws/src/person_msgs -DCMAKE_INSTALL_PREFIX=/home/natsumi/ros2_ws/install/person_msgs
[3.023s] DEBUG:colcon.colcon_core.event_handler.log_command:Invoking command in '/home/natsumi/ros2_ws/src/mypkg': PYTHONPATH=/home/natsumi/ros2_ws/build/mypkg/prefix_override:/home/natsumi/ros2_ws/install/mypkg/lib/python3.8/site-packages:${PYTHONPATH} /usr/bin/python3 setup.py egg_info --egg-base ../../build/mypkg build --build-base /home/natsumi/ros2_ws/build/mypkg/build install --record /home/natsumi/ros2_ws/build/mypkg/install.log --install-scripts $base/lib/mypkg --single-version-externally-managed
[3.312s] DEBUG:colcon.colcon_core.event_handler.log_command:Invoked command in '/home/natsumi/ros2_ws/src/mypkg' returned '0': PYTHONPATH=/home/natsumi/ros2_ws/build/mypkg/prefix_override:/home/natsumi/ros2_ws/install/mypkg/lib/python3.8/site-packages:${PYTHONPATH} /usr/bin/python3 setup.py egg_info --egg-base ../../build/mypkg build --build-base /home/natsumi/ros2_ws/build/mypkg/build install --record /home/natsumi/ros2_ws/build/mypkg/install.log --install-scripts $base/lib/mypkg --single-version-externally-managed
[3.355s] Level 1:colcon.colcon_core.environment:checking '/home/natsumi/ros2_ws/install/mypkg' for CMake module files
[3.355s] Level 1:colcon.colcon_core.environment:checking '/home/natsumi/ros2_ws/install/mypkg' for CMake config files
[3.356s] Level 1:colcon.colcon_core.environment:checking '/home/natsumi/ros2_ws/install/mypkg/lib'
[3.356s] Level 1:colcon.colcon_core.environment:checking '/home/natsumi/ros2_ws/install/mypkg/bin'
[3.356s] Level 1:colcon.colcon_core.environment:checking '/home/natsumi/ros2_ws/install/mypkg/lib/pkgconfig/mypkg.pc'
[3.356s] Level 1:colcon.colcon_core.environment:checking '/home/natsumi/ros2_ws/install/mypkg/lib/python3.8/site-packages'
[3.356s] Level 1:colcon.colcon_core.shell:create_environment_hook('mypkg', 'pythonpath')
[3.389s] INFO:colcon.colcon_core.shell:Creating environment hook '/home/natsumi/ros2_ws/install/mypkg/share/mypkg/hook/pythonpath.ps1'
[3.391s] INFO:colcon.colcon_core.shell:Creating environment descriptor '/home/natsumi/ros2_ws/install/mypkg/share/mypkg/hook/pythonpath.dsv'
[3.391s] INFO:colcon.colcon_core.shell:Creating environment hook '/home/natsumi/ros2_ws/install/mypkg/share/mypkg/hook/pythonpath.sh'
[3.392s] Level 1:colcon.colcon_core.environment:checking '/home/natsumi/ros2_ws/install/mypkg/bin'
[3.392s] Level 1:colcon.colcon_core.environment:create_environment_scripts_only(mypkg)
[3.427s] INFO:colcon.colcon_core.shell:Creating package script '/home/natsumi/ros2_ws/install/mypkg/share/mypkg/package.ps1'
[3.428s] INFO:colcon.colcon_core.shell:Creating package descriptor '/home/natsumi/ros2_ws/install/mypkg/share/mypkg/package.dsv'
[3.429s] INFO:colcon.colcon_core.shell:Creating package script '/home/natsumi/ros2_ws/install/mypkg/share/mypkg/package.sh'
[3.429s] INFO:colcon.colcon_core.shell:Creating package script '/home/natsumi/ros2_ws/install/mypkg/share/mypkg/package.bash'
[3.430s] INFO:colcon.colcon_core.shell:Creating package script '/home/natsumi/ros2_ws/install/mypkg/share/mypkg/package.zsh'
[3.431s] Level 1:colcon.colcon_core.environment:create_file_with_runtime_dependencies(/home/natsumi/ros2_ws/install/mypkg/share/colcon-core/packages/mypkg)
[10.439s] DEBUG:colcon.colcon_core.event_handler.log_command:Invoked command in '/home/natsumi/ros2_ws/build/person_msgs' returned '0': CMAKE_PREFIX_PATH=/home/natsumi/ros2_ws/install/mypkg:/opt/ros/foxy /usr/bin/cmake /home/natsumi/ros2_ws/src/person_msgs -DCMAKE_INSTALL_PREFIX=/home/natsumi/ros2_ws/install/person_msgs
[10.439s] DEBUG:colcon.colcon_core.event_handler.log_command:Invoking command in '/home/natsumi/ros2_ws/build/person_msgs': CMAKE_PREFIX_PATH=/home/natsumi/ros2_ws/install/mypkg:/opt/ros/foxy /usr/bin/cmake --build /home/natsumi/ros2_ws/build/person_msgs -- -j8 -l8
[13.508s] DEBUG:colcon.colcon_core.event_handler.log_command:Invoked command in '/home/natsumi/ros2_ws/build/person_msgs' returned '0': CMAKE_PREFIX_PATH=/home/natsumi/ros2_ws/install/mypkg:/opt/ros/foxy /usr/bin/cmake --build /home/natsumi/ros2_ws/build/person_msgs -- -j8 -l8
[13.584s] DEBUG:colcon.colcon_core.event_handler.log_command:Invoking command in '/home/natsumi/ros2_ws/build/person_msgs': CMAKE_PREFIX_PATH=/home/natsumi/ros2_ws/install/mypkg:/opt/ros/foxy /usr/bin/cmake --install /home/natsumi/ros2_ws/build/person_msgs
[13.653s] Level 1:colcon.colcon_core.environment:create_environment_scripts_only(person_msgs)
[13.654s] DEBUG:colcon.colcon_core.event_handler.log_command:Invoked command in '/home/natsumi/ros2_ws/build/person_msgs' returned '0': CMAKE_PREFIX_PATH=/home/natsumi/ros2_ws/install/mypkg:/opt/ros/foxy /usr/bin/cmake --install /home/natsumi/ros2_ws/build/person_msgs
[13.681s] Level 1:colcon.colcon_core.environment:checking '/home/natsumi/ros2_ws/install/person_msgs' for CMake module files
[13.682s] Level 1:colcon.colcon_core.environment:checking '/home/natsumi/ros2_ws/install/person_msgs' for CMake config files
[13.682s] Level 1:colcon.colcon_core.shell:create_environment_hook('person_msgs', 'cmake_prefix_path')
[13.707s] INFO:colcon.colcon_core.shell:Creating environment hook '/home/natsumi/ros2_ws/install/person_msgs/share/person_msgs/hook/cmake_prefix_path.ps1'
[13.708s] INFO:colcon.colcon_core.shell:Creating environment descriptor '/home/natsumi/ros2_ws/install/person_msgs/share/person_msgs/hook/cmake_prefix_path.dsv'
[13.708s] INFO:colcon.colcon_core.shell:Creating environment hook '/home/natsumi/ros2_ws/install/person_msgs/share/person_msgs/hook/cmake_prefix_path.sh'
[13.709s] Level 1:colcon.colcon_core.environment:checking '/home/natsumi/ros2_ws/install/person_msgs/lib'
[13.709s] Level 1:colcon.colcon_core.shell:create_environment_hook('person_msgs', 'ld_library_path_lib')
[13.734s] INFO:colcon.colcon_core.shell:Creating environment hook '/home/natsumi/ros2_ws/install/person_msgs/share/person_msgs/hook/ld_library_path_lib.ps1'
[13.735s] INFO:colcon.colcon_core.shell:Creating environment descriptor '/home/natsumi/ros2_ws/install/person_msgs/share/person_msgs/hook/ld_library_path_lib.dsv'
[13.735s] INFO:colcon.colcon_core.shell:Creating environment hook '/home/natsumi/ros2_ws/install/person_msgs/share/person_msgs/hook/ld_library_path_lib.sh'
[13.736s] Level 1:colcon.colcon_core.environment:checking '/home/natsumi/ros2_ws/install/person_msgs/bin'
[13.736s] Level 1:colcon.colcon_core.environment:checking '/home/natsumi/ros2_ws/install/person_msgs/lib/pkgconfig/person_msgs.pc'
[13.736s] Level 1:colcon.colcon_core.environment:checking '/home/natsumi/ros2_ws/install/person_msgs/lib/python3.8/site-packages'
[13.736s] Level 1:colcon.colcon_core.shell:create_environment_hook('person_msgs', 'pythonpath')
[13.766s] INFO:colcon.colcon_core.shell:Creating environment hook '/home/natsumi/ros2_ws/install/person_msgs/share/person_msgs/hook/pythonpath.ps1'
[13.766s] INFO:colcon.colcon_core.shell:Creating environment descriptor '/home/natsumi/ros2_ws/install/person_msgs/share/person_msgs/hook/pythonpath.dsv'
[13.766s] INFO:colcon.colcon_core.shell:Creating environment hook '/home/natsumi/ros2_ws/install/person_msgs/share/person_msgs/hook/pythonpath.sh'
[13.767s] Level 1:colcon.colcon_core.environment:checking '/home/natsumi/ros2_ws/install/person_msgs/bin'
[13.791s] INFO:colcon.colcon_core.shell:Creating package script '/home/natsumi/ros2_ws/install/person_msgs/share/person_msgs/package.ps1'
[13.792s] INFO:colcon.colcon_core.shell:Creating package descriptor '/home/natsumi/ros2_ws/install/person_msgs/share/person_msgs/package.dsv'
[13.792s] INFO:colcon.colcon_core.shell:Creating package script '/home/natsumi/ros2_ws/install/person_msgs/share/person_msgs/package.sh'
[13.792s] INFO:colcon.colcon_core.shell:Creating package script '/home/natsumi/ros2_ws/install/person_msgs/share/person_msgs/package.bash'
[13.792s] INFO:colcon.colcon_core.shell:Creating package script '/home/natsumi/ros2_ws/install/person_msgs/share/person_msgs/package.zsh'
[13.793s] Level 1:colcon.colcon_core.environment:create_file_with_runtime_dependencies(/home/natsumi/ros2_ws/install/person_msgs/share/colcon-core/packages/person_msgs)
[13.878s] Level 1:colcon.colcon_core.environment:create_environment_scripts_only(person_msgs)
[13.910s] Level 1:colcon.colcon_core.environment:checking '/home/natsumi/ros2_ws/install/person_msgs' for CMake module files
[13.911s] Level 1:colcon.colcon_core.environment:checking '/home/natsumi/ros2_ws/install/person_msgs' for CMake config files
[13.911s] Level 1:colcon.colcon_core.shell:create_environment_hook('person_msgs', 'cmake_prefix_path')
[13.935s] INFO:colcon.colcon_core.shell:Creating environment hook '/home/natsumi/ros2_ws/install/person_msgs/share/person_msgs/hook/cmake_prefix_path.ps1'
[13.935s] INFO:colcon.colcon_core.shell:Creating environment descriptor '/home/natsumi/ros2_ws/install/person_msgs/share/person_msgs/hook/cmake_prefix_path.dsv'
[13.936s] INFO:colcon.colcon_core.shell:Creating environment hook '/home/natsumi/ros2_ws/install/person_msgs/share/person_msgs/hook/cmake_prefix_path.sh'
[13.936s] Level 1:colcon.colcon_core.environment:checking '/home/natsumi/ros2_ws/install/person_msgs/lib'
[13.936s] Level 1:colcon.colcon_core.shell:create_environment_hook('person_msgs', 'ld_library_path_lib')
[13.970s] INFO:colcon.colcon_core.shell:Creating environment hook '/home/natsumi/ros2_ws/install/person_msgs/share/person_msgs/hook/ld_library_path_lib.ps1'
[13.970s] INFO:colcon.colcon_core.shell:Creating environment descriptor '/home/natsumi/ros2_ws/install/person_msgs/share/person_msgs/hook/ld_library_path_lib.dsv'
[13.971s] INFO:colcon.colcon_core.shell:Creating environment hook '/home/natsumi/ros2_ws/install/person_msgs/share/person_msgs/hook/ld_library_path_lib.sh'
[13.971s] Level 1:colcon.colcon_core.environment:checking '/home/natsumi/ros2_ws/install/person_msgs/bin'
[13.971s] Level 1:colcon.colcon_core.environment:checking '/home/natsumi/ros2_ws/install/person_msgs/lib/pkgconfig/person_msgs.pc'
[13.971s] Level 1:colcon.colcon_core.environment:checking '/home/natsumi/ros2_ws/install/person_msgs/lib/python3.8/site-packages'
[13.971s] Level 1:colcon.colcon_core.shell:create_environment_hook('person_msgs', 'pythonpath')
[14.001s] INFO:colcon.colcon_core.shell:Creating environment hook '/home/natsumi/ros2_ws/install/person_msgs/share/person_msgs/hook/pythonpath.ps1'
[14.001s] INFO:colcon.colcon_core.shell:Creating environment descriptor '/home/natsumi/ros2_ws/install/person_msgs/share/person_msgs/hook/pythonpath.dsv'
[14.001s] INFO:colcon.colcon_core.shell:Creating environment hook '/home/natsumi/ros2_ws/install/person_msgs/share/person_msgs/hook/pythonpath.sh'
[14.001s] Level 1:colcon.colcon_core.environment:checking '/home/natsumi/ros2_ws/install/person_msgs/bin'
[14.031s] INFO:colcon.colcon_core.shell:Creating package script '/home/natsumi/ros2_ws/install/person_msgs/share/person_msgs/package.ps1'
[14.032s] INFO:colcon.colcon_core.shell:Creating package descriptor '/home/natsumi/ros2_ws/install/person_msgs/share/person_msgs/package.dsv'
[14.032s] INFO:colcon.colcon_core.shell:Creating package script '/home/natsumi/ros2_ws/install/person_msgs/share/person_msgs/package.sh'
[14.033s] INFO:colcon.colcon_core.shell:Creating package script '/home/natsumi/ros2_ws/install/person_msgs/share/person_msgs/package.bash'
[14.033s] INFO:colcon.colcon_core.shell:Creating package script '/home/natsumi/ros2_ws/install/person_msgs/share/person_msgs/package.zsh'
[14.033s] Level 1:colcon.colcon_core.environment:create_file_with_runtime_dependencies(/home/natsumi/ros2_ws/install/person_msgs/share/colcon-core/packages/person_msgs)
[14.034s] DEBUG:colcon.colcon_parallel_executor.executor.parallel:closing loop
[14.034s] DEBUG:colcon.colcon_parallel_executor.executor.parallel:loop closed
[14.034s] DEBUG:colcon.colcon_parallel_executor.executor.parallel:run_until_complete finished with '0'
[14.035s] DEBUG:colcon.colcon_core.event_reactor:joining thread
[14.106s] INFO:colcon.colcon_core.plugin_system:Skipping extension 'colcon_notification.desktop_notification.notify_send': Could not find 'notify-send'
[14.106s] INFO:colcon.colcon_core.plugin_system:Skipping extension 'colcon_notification.desktop_notification.terminal_notifier': Not used on non-Darwin systems
[14.106s] INFO:colcon.colcon_core.plugin_system:Skipping extension 'colcon_notification.desktop_notification.win32': Not used on non-Windows systems
[14.106s] INFO:colcon.colcon_notification.desktop_notification:Sending desktop notification using 'notify2'
[14.113s] DEBUG:colcon.colcon_notification.desktop_notification.notify2:Failed to initialize notify2: org.freedesktop.DBus.Error.ServiceUnknown: The name org.freedesktop.Notifications was not provided by any .service files
[14.113s] DEBUG:colcon.colcon_core.event_reactor:joined thread
[14.140s] INFO:colcon.colcon_core.shell:Creating prefix script '/home/natsumi/ros2_ws/install/local_setup.ps1'
[14.140s] INFO:colcon.colcon_core.shell:Creating prefix util module '/home/natsumi/ros2_ws/install/_local_setup_util_ps1.py'
[14.142s] INFO:colcon.colcon_core.shell:Creating prefix chain script '/home/natsumi/ros2_ws/install/setup.ps1'
[14.187s] INFO:colcon.colcon_core.shell:Creating prefix script '/home/natsumi/ros2_ws/install/local_setup.sh'
[14.188s] INFO:colcon.colcon_core.shell:Creating prefix util module '/home/natsumi/ros2_ws/install/_local_setup_util_sh.py'
[14.188s] INFO:colcon.colcon_core.shell:Creating prefix chain script '/home/natsumi/ros2_ws/install/setup.sh'
[14.214s] INFO:colcon.colcon_core.shell:Creating prefix script '/home/natsumi/ros2_ws/install/local_setup.bash'
[14.215s] INFO:colcon.colcon_core.shell:Creating prefix chain script '/home/natsumi/ros2_ws/install/setup.bash'
[14.240s] INFO:colcon.colcon_core.shell:Creating prefix script '/home/natsumi/ros2_ws/install/local_setup.zsh'
[14.240s] INFO:colcon.colcon_core.shell:Creating prefix chain script '/home/natsumi/ros2_ws/install/setup.zsh'
