[0.725s] Invoking command in '/home/natsumi/ros2_ws/src/mypkg': PYTHONPATH=/home/natsumi/ros2_ws/build/mypkg/prefix_override:/home/natsumi/ros2_ws/install/mypkg/lib/python3.8/site-packages:${PYTHONPATH} /usr/bin/python3 setup.py egg_info --egg-base ../../build/mypkg build --build-base /home/natsumi/ros2_ws/build/mypkg/build install --record /home/natsumi/ros2_ws/build/mypkg/install.log --install-scripts $base/lib/mypkg --single-version-externally-managed
[0.856s] running egg_info
[0.856s] writing ../../build/mypkg/mypkg.egg-info/PKG-INFO
[0.856s] writing dependency_links to ../../build/mypkg/mypkg.egg-info/dependency_links.txt
[0.857s] writing entry points to ../../build/mypkg/mypkg.egg-info/entry_points.txt
[0.857s] writing requirements to ../../build/mypkg/mypkg.egg-info/requires.txt
[0.857s] writing top-level names to ../../build/mypkg/mypkg.egg-info/top_level.txt
[0.882s] reading manifest file '../../build/mypkg/mypkg.egg-info/SOURCES.txt'
[0.883s] writing manifest file '../../build/mypkg/mypkg.egg-info/SOURCES.txt'
[0.883s] running build
[0.883s] running build_py
[0.883s] running install
[0.884s] running install_lib
[0.885s] running install_data
[0.886s] copying package.xml -> /home/natsumi/ros2_ws/install/mypkg/share/mypkg
[0.886s] copying launch/talk_listen.launch.py -> /home/natsumi/ros2_ws/install/mypkg/share/mypkg
[0.886s] running install_egg_info
[0.888s] removing '/home/natsumi/ros2_ws/install/mypkg/lib/python3.8/site-packages/mypkg-0.0.0-py3.8.egg-info' (and everything under it)
[0.888s] Copying ../../build/mypkg/mypkg.egg-info to /home/natsumi/ros2_ws/install/mypkg/lib/python3.8/site-packages/mypkg-0.0.0-py3.8.egg-info
[0.889s] running install_scripts
[0.902s] Installing listener script to /home/natsumi/ros2_ws/install/mypkg/lib/mypkg
[0.903s] Installing talker script to /home/natsumi/ros2_ws/install/mypkg/lib/mypkg
[0.903s] writing list of installed files to '/home/natsumi/ros2_ws/build/mypkg/install.log'
[0.919s] Invoked command in '/home/natsumi/ros2_ws/src/mypkg' returned '0': PYTHONPATH=/home/natsumi/ros2_ws/build/mypkg/prefix_override:/home/natsumi/ros2_ws/install/mypkg/lib/python3.8/site-packages:${PYTHONPATH} /usr/bin/python3 setup.py egg_info --egg-base ../../build/mypkg build --build-base /home/natsumi/ros2_ws/build/mypkg/build install --record /home/natsumi/ros2_ws/build/mypkg/install.log --install-scripts $base/lib/mypkg --single-version-externally-managed
